<?xml version="1.0" encoding="UTF-8"?>
<!-- Generated by org.testng.reporters.JUnitReportReporter -->
<testsuite hostname="DESKTOP-RA01EM1" failures="0" tests="1" name="Testcases.logintest" time="18.836" errors="0" timestamp="2023-05-14T01:18:33 IST" skipped="0">
  <testcase classname="Testcases.logintest" name="validlogin" time="18.836"/>
  <system-out/>
</testsuite> <!-- Testcases.logintest -->
