<?xml version="1.0" encoding="UTF-8"?>
<!-- Generated by org.testng.reporters.JUnitReportReporter -->
<testsuite hostname="DESKTOP-RA01EM1" failures="0" tests="1" name="Testcases.addcartverify" time="29.158" errors="0" timestamp="2023-05-21T22:14:53 IST" skipped="0">
  <testcase classname="Testcases.addcartverify" name="addcart1" time="29.158"/>
  <system-out/>
</testsuite> <!-- Testcases.addcartverify -->
